<?xml version="1.0" encoding="UTF-8"?>
<testng-results ignored="0" total="1" passed="1" failed="0" skipped="0">
  <reporter-output>
  </reporter-output>
  <suite started-at="2024-07-24T12:13:00 IST" name="Suite" finished-at="2024-07-24T12:13:10 IST" duration-ms="9825">
    <groups>
    </groups>
    <test started-at="2024-07-24T12:13:00 IST" name="Test" finished-at="2024-07-24T12:13:10 IST" duration-ms="9825">
      <class name="POM.FDCalcenq">
        <test-method is-config="true" signature="Setup()[pri:0, instance:POM.FDCalcenq@7b9a4292]" started-at="2024-07-24T12:13:00 IST" name="Setup" finished-at="2024-07-24T12:13:08 IST" duration-ms="7883" status="PASS">
          <reporter-output>
          </reporter-output>
        </test-method> <!-- Setup -->
        <test-method signature="f()[pri:0, instance:POM.FDCalcenq@7b9a4292]" started-at="2024-07-24T12:13:08 IST" name="f" finished-at="2024-07-24T12:13:10 IST" duration-ms="1501" status="PASS">
          <reporter-output>
          </reporter-output>
        </test-method> <!-- f -->
        <test-method is-config="true" signature="teardown()[pri:0, instance:POM.FDCalcenq@7b9a4292]" started-at="2024-07-24T12:13:10 IST" name="teardown" finished-at="2024-07-24T12:13:10 IST" duration-ms="393" status="PASS">
          <reporter-output>
          </reporter-output>
        </test-method> <!-- teardown -->
      </class> <!-- POM.FDCalcenq -->
    </test> <!-- Test -->
  </suite> <!-- Suite -->
</testng-results>
