<?xml version="1.0" encoding="UTF-8"?>
<testng-results ignored="0" total="2" passed="2" failed="0" skipped="0">
  <reporter-output>
  </reporter-output>
  <suite started-at="2024-07-24T20:46:07 IST" name="Suite" finished-at="2024-07-24T20:46:27 IST" duration-ms="20048">
    <groups>
    </groups>
    <test started-at="2024-07-24T20:46:07 IST" name="Test" finished-at="2024-07-24T20:46:27 IST" duration-ms="20048">
      <class name="POM.FDCalcenq">
        <test-method is-config="true" signature="Setup()[pri:0, instance:POM.FDCalcenq@7b9a4292]" started-at="2024-07-24T20:46:07 IST" name="Setup" finished-at="2024-07-24T20:46:13 IST" duration-ms="6548" status="PASS">
          <reporter-output>
          </reporter-output>
        </test-method> <!-- Setup -->
        <test-method signature="f()[pri:0, instance:POM.FDCalcenq@7b9a4292]" started-at="2024-07-24T20:46:14 IST" name="f" finished-at="2024-07-24T20:46:17 IST" duration-ms="3159" status="PASS">
          <reporter-output>
          </reporter-output>
        </test-method> <!-- f -->
        <test-method is-config="true" signature="teardown()[pri:0, instance:POM.FDCalcenq@7b9a4292]" started-at="2024-07-24T20:46:17 IST" name="teardown" finished-at="2024-07-24T20:46:17 IST" duration-ms="268" status="PASS">
          <reporter-output>
          </reporter-output>
        </test-method> <!-- teardown -->
      </class> <!-- POM.FDCalcenq -->
      <class name="POM.Implicit">
        <test-method signature="test()[pri:0, instance:POM.Implicit@9f116cc]" started-at="2024-07-24T20:46:17 IST" name="test" finished-at="2024-07-24T20:46:26 IST" duration-ms="8611" status="PASS">
          <reporter-output>
          </reporter-output>
        </test-method> <!-- test -->
        <test-method is-config="true" signature="tear_down()[pri:0, instance:POM.Implicit@9f116cc]" started-at="2024-07-24T20:46:26 IST" name="tear_down" finished-at="2024-07-24T20:46:27 IST" duration-ms="1403" status="PASS">
          <reporter-output>
          </reporter-output>
        </test-method> <!-- tear_down -->
      </class> <!-- POM.Implicit -->
    </test> <!-- Test -->
  </suite> <!-- Suite -->
</testng-results>
