<?xml version="1.0" encoding="UTF-8"?>
<testng-results ignored="0" total="1" passed="1" failed="0" skipped="0">
  <reporter-output>
  </reporter-output>
  <suite started-at="2024-07-26T15:31:56 IST" name="Default suite" finished-at="2024-07-26T15:32:05 IST" duration-ms="8445">
    <groups>
    </groups>
    <test started-at="2024-07-26T15:31:56 IST" name="Default test" finished-at="2024-07-26T15:32:05 IST" duration-ms="8445">
      <class name="POM.Implicit">
        <test-method is-config="true" signature="setup()[pri:0, instance:POM.Implicit@7586beff]" started-at="2024-07-26T15:31:57 IST" name="setup" finished-at="2024-07-26T15:32:03 IST" duration-ms="6892" status="PASS">
          <reporter-output>
          </reporter-output>
        </test-method> <!-- setup -->
        <test-method signature="test()[pri:0, instance:POM.Implicit@7586beff]" started-at="2024-07-26T15:32:03 IST" name="test" finished-at="2024-07-26T15:32:05 IST" duration-ms="1208" status="PASS">
          <reporter-output>
          </reporter-output>
        </test-method> <!-- test -->
        <test-method is-config="true" signature="tear_down()[pri:0, instance:POM.Implicit@7586beff]" started-at="2024-07-26T15:32:05 IST" name="tear_down" finished-at="2024-07-26T15:32:05 IST" duration-ms="290" status="PASS">
          <reporter-output>
          </reporter-output>
        </test-method> <!-- tear_down -->
      </class> <!-- POM.Implicit -->
    </test> <!-- Default test -->
  </suite> <!-- Default suite -->
</testng-results>
